c:\Users\Aerors\documents\visual studio 2010\Projects\3DSmartCity\3DSmartCity\x64\Debug\3DSmartCity.exe.embed.manifest
C:\USERS\AERORS\DOCUMENTS\VISUAL STUDIO 2010\PROJECTS\3DSMARTCITY\3DSMARTCITY\X64\DEBUG\3DSMARTCITY.EXE.EMBED.MANIFEST.RES
C:\USERS\AERORS\DOCUMENTS\VISUAL STUDIO 2010\PROJECTS\3DSMARTCITY\3DSMARTCITY\X64\DEBUG\3DSMARTCITY.EXE.INTERMEDIATE.MANIFEST
C:\USERS\AERORS\DOCUMENTS\VISUAL STUDIO 2010\PROJECTS\3DSMARTCITY\3DSMARTCITY\X64\DEBUG\3DSMARTCITY.OBJ
C:\USERS\AERORS\DOCUMENTS\VISUAL STUDIO 2010\PROJECTS\3DSMARTCITY\3DSMARTCITY\X64\DEBUG\3DSMARTCITY.PCH
C:\USERS\AERORS\DOCUMENTS\VISUAL STUDIO 2010\PROJECTS\3DSMARTCITY\3DSMARTCITY\X64\DEBUG\3DSMARTCITY.RES
c:\Users\Aerors\documents\visual studio 2010\Projects\3DSmartCity\3DSmartCity\x64\Debug\3DSmartCity.vcxprojResolveAssemblyReference.cache
c:\Users\Aerors\documents\visual studio 2010\Projects\3DSmartCity\3DSmartCity\x64\Debug\3DSmartCity.write.1.tlog
c:\Users\Aerors\documents\visual studio 2010\Projects\3DSmartCity\3DSmartCity\x64\Debug\3DSmartCity_manifest.rc
C:\USERS\AERORS\DOCUMENTS\VISUAL STUDIO 2010\PROJECTS\3DSMARTCITY\3DSMARTCITY\X64\DEBUG\3DSMARTCITYDOC.OBJ
C:\USERS\AERORS\DOCUMENTS\VISUAL STUDIO 2010\PROJECTS\3DSMARTCITY\3DSMARTCITY\X64\DEBUG\3DSMARTCITYVIEW.OBJ
c:\Users\Aerors\documents\visual studio 2010\Projects\3DSmartCity\3DSmartCity\x64\Debug\cl.command.1.tlog
c:\Users\Aerors\documents\visual studio 2010\Projects\3DSmartCity\3DSmartCity\x64\Debug\CL.read.1.tlog
c:\Users\Aerors\documents\visual studio 2010\Projects\3DSmartCity\3DSmartCity\x64\Debug\CL.write.1.tlog
c:\Users\Aerors\documents\visual studio 2010\Projects\3DSmartCity\3DSmartCity\x64\Debug\link.3732.read.1.tlog
c:\Users\Aerors\documents\visual studio 2010\Projects\3DSmartCity\3DSmartCity\x64\Debug\link.3732.write.1.tlog
c:\Users\Aerors\documents\visual studio 2010\Projects\3DSmartCity\3DSmartCity\x64\Debug\link.3732-cvtres.read.1.tlog
c:\Users\Aerors\documents\visual studio 2010\Projects\3DSmartCity\3DSmartCity\x64\Debug\link.3732-cvtres.write.1.tlog
c:\Users\Aerors\documents\visual studio 2010\Projects\3DSmartCity\3DSmartCity\x64\Debug\link.command.1.tlog
c:\Users\Aerors\documents\visual studio 2010\Projects\3DSmartCity\3DSmartCity\x64\Debug\link.read.1.tlog
c:\Users\Aerors\documents\visual studio 2010\Projects\3DSmartCity\3DSmartCity\x64\Debug\link.write.1.tlog
c:\Users\Aerors\documents\visual studio 2010\Projects\3DSmartCity\3DSmartCity\x64\Debug\link-cvtres.read.1.tlog
c:\Users\Aerors\documents\visual studio 2010\Projects\3DSmartCity\3DSmartCity\x64\Debug\link-cvtres.write.1.tlog
C:\USERS\AERORS\DOCUMENTS\VISUAL STUDIO 2010\PROJECTS\3DSMARTCITY\3DSMARTCITY\X64\DEBUG\MAINFRM.OBJ
c:\Users\Aerors\documents\visual studio 2010\Projects\3DSmartCity\3DSmartCity\x64\Debug\mt.command.1.tlog
c:\Users\Aerors\documents\visual studio 2010\Projects\3DSmartCity\3DSmartCity\x64\Debug\mt.read.1.tlog
c:\Users\Aerors\documents\visual studio 2010\Projects\3DSmartCity\3DSmartCity\x64\Debug\mt.write.1.tlog
c:\Users\Aerors\documents\visual studio 2010\Projects\3DSmartCity\3DSmartCity\x64\Debug\rc.command.1.tlog
c:\Users\Aerors\documents\visual studio 2010\Projects\3DSmartCity\3DSmartCity\x64\Debug\rc.read.1.tlog
c:\Users\Aerors\documents\visual studio 2010\Projects\3DSmartCity\3DSmartCity\x64\Debug\rc.write.1.tlog
C:\USERS\AERORS\DOCUMENTS\VISUAL STUDIO 2010\PROJECTS\3DSMARTCITY\3DSMARTCITY\X64\DEBUG\SMARTCITYTREEVIEW.OBJ
C:\USERS\AERORS\DOCUMENTS\VISUAL STUDIO 2010\PROJECTS\3DSMARTCITY\3DSMARTCITY\X64\DEBUG\STDAFX.OBJ
c:\Users\Aerors\documents\visual studio 2010\Projects\3DSmartCity\3DSmartCity\x64\Debug\vc100.idb
C:\USERS\AERORS\DOCUMENTS\VISUAL STUDIO 2010\PROJECTS\3DSMARTCITY\3DSMARTCITY\X64\DEBUG\VC100.PDB
C:\USERS\AERORS\DOCUMENTS\VISUAL STUDIO 2010\PROJECTS\3DSMARTCITY\X64\DEBUG\3DSMARTCITY.EXE
C:\USERS\AERORS\DOCUMENTS\VISUAL STUDIO 2010\PROJECTS\3DSMARTCITY\X64\DEBUG\3DSMARTCITY.EXE.MANIFEST
C:\USERS\AERORS\DOCUMENTS\VISUAL STUDIO 2010\PROJECTS\3DSMARTCITY\X64\DEBUG\3DSMARTCITY.ILK
C:\USERS\AERORS\DOCUMENTS\VISUAL STUDIO 2010\PROJECTS\3DSMARTCITY\X64\DEBUG\3DSMARTCITY.PDB
