生成启动时间为 2015/3/26 11:19:06。
     1>项目“c:\Users\Aerors\documents\visual studio 2010\Projects\3DSmartCity\3DSmartCity\3DSmartCity.vcxproj”在节点 2 上(build 个目标)。
     1>InitializeBuildStatus:
         正在对“x64\Debug\3DSmartCity.unsuccessfulbuild”执行 Touch 任务。
       ClCompile:
         所有输出均为最新。
         E:\Program Files (x86)\Microsoft Visual Studio 10.0\VC\bin\x86_amd64\CL.exe /c /Zi /nologo /W3 /WX- /Od /D WIN32 /D _WINDOWS /D _DEBUG /D _UNICODE /D UNICODE /D _AFXDLL /Gm /EHsc /RTC1 /MDd /GS /fp:precise /Zc:wchar_t /Zc:forScope /Yu"StdAfx.h" /Fp"x64\Debug\3DSmartCity.pch" /Fo"x64\Debug\\" /Fd"x64\Debug\vc100.pdb" /Gd /TP /errorReport:prompt 3DSmartCity.cpp 3DSmartCityView.cpp MainFrm.cpp SmartCityTreeCtrl.cpp SmartCityTreeView.cpp
         SmartCityTreeView.cpp
         SmartCityTreeCtrl.cpp
         Generating Code...
         Compiling...
         MainFrm.cpp
         3DSmartCityView.cpp
         3DSmartCity.cpp
         Generating Code...
       ResourceCompile:
         所有输出均为最新。
       Link:
         E:\Program Files (x86)\Microsoft Visual Studio 10.0\VC\bin\x86_amd64\link.exe /ERRORREPORT:PROMPT /OUT:"c:\users\aerors\documents\visual studio 2010\Projects\3DSmartCity\x64\Debug\3DSmartCity.exe" /INCREMENTAL /NOLOGO osgModelingd.lib osgd.lib osgUtild.lib osgViewerd.lib osgDBd.lib OpenThreadsd.lib osgGAd.lib osgEarthd.lib osgEarthUtild.lib osgEarthAnnotationd.lib osgEarthFeaturesd.lib osgEarthSymbologyd.lib /MANIFEST /ManifestFile:"x64\Debug\3DSmartCity.exe.intermediate.manifest" /MANIFESTUAC:"level='asInvoker' uiAccess='false'" /DEBUG /PDB:"c:\users\aerors\documents\visual studio 2010\Projects\3DSmartCity\x64\Debug\3DSmartCity.pdb" /SUBSYSTEM:WINDOWS /TLBID:1 /ENTRY:"wWinMainCRTStartup" /DYNAMICBASE /NXCOMPAT /IMPLIB:"c:\users\aerors\documents\visual studio 2010\Projects\3DSmartCity\x64\Debug\3DSmartCity.lib" /MACHINE:X64 x64\Debug\3DSmartCity.res
         x64\Debug\3DSmartCity.obj
         x64\Debug\3DSmartCityDoc.obj
         x64\Debug\3DSmartCityView.obj
         x64\Debug\MainFrm.obj
         x64\Debug\OSGObject.obj
         x64\Debug\SmartCityTreeCtrl.obj
         x64\Debug\SmartCityTreeView.obj
         x64\Debug\stdafx.obj
         3DSmartCity.vcxproj -> c:\users\aerors\documents\visual studio 2010\Projects\3DSmartCity\x64\Debug\3DSmartCity.exe
       Manifest:
         c:\Program Files (x86)\Microsoft SDKs\Windows\v7.0A\bin\mt.exe /nologo /verbose /out:"c:\users\aerors\documents\visual studio 2010\Projects\3DSmartCity\x64\Debug\3DSmartCity.exe.manifest" /manifest x64\Debug\3DSmartCity.exe.intermediate.manifest "E:\Program Files (x86)\Microsoft Visual Studio 10.0\VC\Include\Manifest\dpiaware.manifest"
       FinalizeBuildStatus:
         正在删除文件“x64\Debug\3DSmartCity.unsuccessfulbuild”。
         正在对“x64\Debug\3DSmartCity.lastbuildstate”执行 Touch 任务。
     1>已完成生成项目“c:\Users\Aerors\documents\visual studio 2010\Projects\3DSmartCity\3DSmartCity\3DSmartCity.vcxproj”(build 个目标)的操作。

生成成功。

已用时间 00:00:37.36
